# JRE version: OpenJDK Runtime Environment (8.0_152-b02) (build 1.8.0_152-release-1024-b02)
# Java VM: OpenJDK 64-Bit Server VM (25.152-b02 mixed mode windows-amd64 compressed oops)
Heap:
 PSYoungGen      total 141312K, used 126976K [0x00000000e0000000, 0x00000000e9800000, 0x0000000100000000)
  eden space 126976K, 100% used [0x00000000e0000000,0x00000000e7c00000,0x00000000e7c00000)
  from space 14336K, 0% used [0x00000000e8a00000,0x00000000e8a00000,0x00000000e9800000)
  to   space 10752K, 0% used [0x00000000e7c80000,0x00000000e7c80000,0x00000000e8700000)
 ParOldGen       total 158720K, used 15825K [0x00000000a0000000, 0x00000000a9b00000, 0x00000000e0000000)
  object space 158720K, 9% used [0x00000000a0000000,0x00000000a0f74628,0x00000000a9b00000)
 Metaspace       used 43103K, capacity 44182K, committed 44288K, reserved 1087488K
  class space    used 5967K, capacity 6333K, committed 6400K, reserved 1048576K
GC Heap History (10 events):
Event: 1.659 GC heap before
{Heap before GC invocations=4 (full 1):
 PSYoungGen      total 76288K, used 8831K [0x00000000e0000000, 0x00000000e9500000, 0x0000000100000000)
  eden space 65536K, 0% used [0x00000000e0000000,0x00000000e0000000,0x00000000e4000000)
  from space 10752K, 82% used [0x00000000e4000000,0x00000000e489fe70,0x00000000e4a80000)
  to   space 10752K, 0% used [0x00000000e8a80000,0x00000000e8a80000,0x00000000e9500000)
 ParOldGen       total 175104K, used 32K [0x00000000a0000000, 0x00000000aab00000, 0x00000000e0000000)
  object space 175104K, 0% used [0x00000000a0000000,0x00000000a0008000,0x00000000aab00000)
 Metaspace       used 20755K, capacity 21196K, committed 21248K, reserved 1067008K
  class space    used 2901K, capacity 3043K, committed 3072K, reserved 1048576K
Event: 1.683 GC heap after
Heap after GC invocations=4 (full 1):
 PSYoungGen      total 76288K, used 0K [0x00000000e0000000, 0x00000000e9500000, 0x0000000100000000)
  eden space 65536K, 0% used [0x00000000e0000000,0x00000000e0000000,0x00000000e4000000)
  from space 10752K, 0% used [0x00000000e4000000,0x00000000e4000000,0x00000000e4a80000)
  to   space 10752K, 0% used [0x00000000e8a80000,0x00000000e8a80000,0x00000000e9500000)
 ParOldGen       total 111616K, used 8546K [0x00000000a0000000, 0x00000000a6d00000, 0x00000000e0000000)
  object space 111616K, 7% used [0x00000000a0000000,0x00000000a0858a88,0x00000000a6d00000)
 Metaspace       used 20755K, capacity 21196K, committed 21248K, reserved 1067008K
  class space    used 2901K, capacity 3043K, committed 3072K, reserved 1048576K
}
Event: 2.245 GC heap before
{Heap before GC invocations=5 (full 1):
 PSYoungGen      total 76288K, used 65536K [0x00000000e0000000, 0x00000000e9500000, 0x0000000100000000)
  eden space 65536K, 100% used [0x00000000e0000000,0x00000000e4000000,0x00000000e4000000)
  from space 10752K, 0% used [0x00000000e4000000,0x00000000e4000000,0x00000000e4a80000)
  to   space 10752K, 0% used [0x00000000e8a80000,0x00000000e8a80000,0x00000000e9500000)
 ParOldGen       total 111616K, used 8546K [0x00000000a0000000, 0x00000000a6d00000, 0x00000000e0000000)
  object space 111616K, 7% used [0x00000000a0000000,0x00000000a0858a88,0x00000000a6d00000)
 Metaspace       used 26382K, capacity 26972K, committed 27136K, reserved 1073152K
  class space    used 3627K, capacity 3809K, committed 3840K, reserved 1048576K
Event: 2.249 GC heap after
Heap after GC invocations=5 (full 1):
 PSYoungGen      total 99840K, used 6851K [0x00000000e0000000, 0x00000000e9180000, 0x0000000100000000)
  eden space 92672K, 0% used [0x00000000e0000000,0x00000000e0000000,0x00000000e5a80000)
  from space 7168K, 95% used [0x00000000e8a80000,0x00000000e9130c28,0x00000000e9180000)
  to   space 10752K, 0% used [0x00000000e7c80000,0x00000000e7c80000,0x00000000e8700000)
 ParOldGen       total 111616K, used 8554K [0x00000000a0000000, 0x00000000a6d00000, 0x00000000e0000000)
  object space 111616K, 7% used [0x00000000a0000000,0x00000000a085aa88,0x00000000a6d00000)
 Metaspace       used 26382K, capacity 26972K, committed 27136K, reserved 1073152K
  class space    used 3627K, capacity 3809K, committed 3840K, reserved 1048576K
}
Event: 4.670 GC heap before
{Heap before GC invocations=6 (full 1):
 PSYoungGen      total 99840K, used 99523K [0x00000000e0000000, 0x00000000e9180000, 0x0000000100000000)
  eden space 92672K, 100% used [0x00000000e0000000,0x00000000e5a80000,0x00000000e5a80000)
  from space 7168K, 95% used [0x00000000e8a80000,0x00000000e9130c28,0x00000000e9180000)
  to   space 10752K, 0% used [0x00000000e7c80000,0x00000000e7c80000,0x00000000e8700000)
 ParOldGen       total 111616K, used 8554K [0x00000000a0000000, 0x00000000a6d00000, 0x00000000e0000000)
  object space 111616K, 7% used [0x00000000a0000000,0x00000000a085aa88,0x00000000a6d00000)
 Metaspace       used 33842K, capacity 34688K, committed 35072K, reserved 1079296K
  class space    used 4739K, capacity 4999K, committed 5120K, reserved 1048576K
Event: 4.678 GC heap after
Heap after GC invocations=6 (full 1):
 PSYoungGen      total 137728K, used 10736K [0x00000000e0000000, 0x00000000e9800000, 0x0000000100000000)
  eden space 126976K, 0% used [0x00000000e0000000,0x00000000e0000000,0x00000000e7c00000)
  from space 10752K, 99% used [0x00000000e7c80000,0x00000000e86fc390,0x00000000e8700000)
  to   space 14336K, 0% used [0x00000000e8a00000,0x00000000e8a00000,0x00000000e9800000)
 ParOldGen       total 111616K, used 11391K [0x00000000a0000000, 0x00000000a6d00000, 0x00000000e0000000)
  object space 111616K, 10% used [0x00000000a0000000,0x00000000a0b1fcf0,0x00000000a6d00000)
 Metaspace       used 33842K, capacity 34688K, committed 35072K, reserved 1079296K
  class space    used 4739K, capacity 4999K, committed 5120K, reserved 1048576K
}
Event: 4.773 GC heap before
{Heap before GC invocations=7 (full 1):
 PSYoungGen      total 137728K, used 16808K [0x00000000e0000000, 0x00000000e9800000, 0x0000000100000000)
  eden space 126976K, 4% used [0x00000000e0000000,0x00000000e05ede00,0x00000000e7c00000)
  from space 10752K, 99% used [0x00000000e7c80000,0x00000000e86fc390,0x00000000e8700000)
  to   space 14336K, 0% used [0x00000000e8a00000,0x00000000e8a00000,0x00000000e9800000)
 ParOldGen       total 111616K, used 11391K [0x00000000a0000000, 0x00000000a6d00000, 0x00000000e0000000)
  object space 111616K, 10% used [0x00000000a0000000,0x00000000a0b1fcf0,0x00000000a6d00000)
 Metaspace       used 34493K, capacity 35264K, committed 35416K, reserved 1079296K
  class space    used 4828K, capacity 5063K, committed 5120K, reserved 1048576K
Event: 4.780 GC heap after
Heap after GC invocations=7 (full 1):
 PSYoungGen      total 141312K, used 9288K [0x00000000e0000000, 0x00000000e9800000, 0x0000000100000000)
  eden space 126976K, 0% used [0x00000000e0000000,0x00000000e0000000,0x00000000e7c00000)
  from space 14336K, 64% used [0x00000000e8a00000,0x00000000e93123f0,0x00000000e9800000)
  to   space 10752K, 0% used [0x00000000e7c80000,0x00000000e7c80000,0x00000000e8700000)
 ParOldGen       total 111616K, used 11399K [0x00000000a0000000, 0x00000000a6d00000, 0x00000000e0000000)
  object space 111616K, 10% used [0x00000000a0000000,0x00000000a0b21cf0,0x00000000a6d00000)
 Metaspace       used 34493K, capacity 35264K, committed 35416K, reserved 1079296K
  class space    used 4828K, capacity 5063K, committed 5120K, reserved 1048576K
}
Event: 4.780 GC heap before
{Heap before GC invocations=8 (full 2):
 PSYoungGen      total 141312K, used 9288K [0x00000000e0000000, 0x00000000e9800000, 0x0000000100000000)
  eden space 126976K, 0% used [0x00000000e0000000,0x00000000e0000000,0x00000000e7c00000)
  from space 14336K, 64% used [0x00000000e8a00000,0x00000000e93123f0,0x00000000e9800000)
  to   space 10752K, 0% used [0x00000000e7c80000,0x00000000e7c80000,0x00000000e8700000)
 ParOldGen       total 111616K, used 11399K [0x00000000a0000000, 0x00000000a6d00000, 0x00000000e0000000)
  object space 111616K, 10% used [0x00000000a0000000,0x00000000a0b21cf0,0x00000000a6d00000)
 Metaspace       used 34493K, capacity 35264K, committed 35416K, reserved 1079296K
  class space    used 4828K, capacity 5063K, committed 5120K, reserved 1048576K
Event: 4.815 GC heap after
Heap after GC invocations=8 (full 2):
 PSYoungGen      total 141312K, used 0K [0x00000000e0000000, 0x00000000e9800000, 0x0000000100000000)
  eden space 126976K, 0% used [0x00000000e0000000,0x00000000e0000000,0x00000000e7c00000)
  from space 14336K, 0% used [0x00000000e8a00000,0x00000000e8a00000,0x00000000e9800000)
  to   space 10752K, 0% used [0x00000000e7c80000,0x00000000e7c80000,0x00000000e8700000)
 ParOldGen       total 158720K, used 15825K [0x00000000a0000000, 0x00000000a9b00000, 0x00000000e0000000)
  object space 158720K, 9% used [0x00000000a0000000,0x00000000a0f74628,0x00000000a9b00000)
 Metaspace       used 34493K, capacity 35264K, committed 35416K, reserved 1079296K
  class space    used 4828K, capacity 5063K, committed 5120K, reserved 1048576K
}

